<?xml version="1.0" encoding="UTF-8"?>
<!-- Generated by org.testng.reporters.JUnitXMLReporter -->
<testsuite hostname="User" failures="0" tests="12" name="Test" time="14.902" errors="0" timestamp="27 Apr 2020 14:07:09 GMT">
  <testcase classname="com.rupeek.tests.ToAuthenticate" name="validJSONBody" time="0.366"/>
  <testcase classname="com.rupeek.tests.ToAuthenticate" name="invalidJSONBody1" time="0.346"/>
  <testcase classname="com.rupeek.tests.ToAuthenticate" name="invalidJSONBody2" time="0.254"/>
  <testcase classname="com.rupeek.tests.ToAuthenticate" name="invalidJSONBody3" time="0.34"/>
  <testcase classname="com.rupeek.tests.ToAuthenticate" name="invalidJSONBody4" time="1.1"/>
  <testcase classname="com.rupeek.tests.ToAuthenticate" name="invalidJSONBody5" time="0.269"/>
  <testcase classname="com.rupeek.tests.ToAuthenticate" name="invalidJSONBody6" time="0.274"/>
  <testcase classname="com.rupeek.tests.GetSingleRecord" name="getSingleRecordWithValidPhone" time="2.667"/>
  <testcase classname="com.rupeek.tests.GetSingleRecord" name="getSingleRecordWithInvalid1" time="0.407"/>
  <testcase classname="com.rupeek.tests.GetSingleRecord" name="getSingleRecordWithInvalid2" time="0.254"/>
  <testcase classname="com.rupeek.tests.GetSingleRecord" name="getSingleRecordWithInvalidPhone" time="0.259"/>
  <testcase classname="com.rupeek.tests.GetAllRecords" name="getReourceWithValidData" time="0.268"/>
</testsuite> <!-- Test -->
