<?xml version="1.0" encoding="UTF-8"?>
<testng-results total="12" passed="12" failed="0" skipped="0">
  <reporter-output>
  </reporter-output>
  <suite started-at="2020-04-27T14:06:54Z" name="Suite" finished-at="2020-04-27T14:07:09Z" duration-ms="14902">
    <groups>
    </groups>
    <test started-at="2020-04-27T14:06:54Z" name="Test" finished-at="2020-04-27T14:07:09Z" duration-ms="14902">
      <class name="com.rupeek.tests.GetAllRecords">
        <test-method is-config="true" signature="authenticate()[pri:0, instance:com.rupeek.tests.GetAllRecords@37e547da]" started-at="2020-04-27T19:37:08Z" name="authenticate" finished-at="2020-04-27T19:37:09Z" duration-ms="266" status="PASS">
          <reporter-output>
          </reporter-output>
        </test-method> <!-- authenticate -->
        <test-method signature="getReourceWithValidData()[pri:0, instance:com.rupeek.tests.GetAllRecords@37e547da]" started-at="2020-04-27T19:37:09Z" name="getReourceWithValidData" finished-at="2020-04-27T19:37:09Z" duration-ms="268" status="PASS">
          <reporter-output>
          </reporter-output>
        </test-method> <!-- getReourceWithValidData -->
      </class> <!-- com.rupeek.tests.GetAllRecords -->
      <class name="com.rupeek.tests.GetSingleRecord">
        <test-method is-config="true" signature="authenticate()[pri:0, instance:com.rupeek.tests.GetSingleRecord@3e3047e6]" started-at="2020-04-27T19:37:03Z" name="authenticate" finished-at="2020-04-27T19:37:03Z" duration-ms="280" status="PASS">
          <reporter-output>
          </reporter-output>
        </test-method> <!-- authenticate -->
        <test-method signature="getSingleRecordWithValidPhone()[pri:0, instance:com.rupeek.tests.GetSingleRecord@3e3047e6]" started-at="2020-04-27T19:37:03Z" name="getSingleRecordWithValidPhone" finished-at="2020-04-27T19:37:06Z" duration-ms="2667" status="PASS">
          <reporter-output>
          </reporter-output>
        </test-method> <!-- getSingleRecordWithValidPhone -->
        <test-method is-config="true" signature="authenticate()[pri:0, instance:com.rupeek.tests.GetSingleRecord@3e3047e6]" started-at="2020-04-27T19:37:06Z" name="authenticate" finished-at="2020-04-27T19:37:07Z" duration-ms="860" status="PASS">
          <reporter-output>
          </reporter-output>
        </test-method> <!-- authenticate -->
        <test-method signature="getSingleRecordWithInvalid1()[pri:1, instance:com.rupeek.tests.GetSingleRecord@3e3047e6]" started-at="2020-04-27T19:37:07Z" name="getSingleRecordWithInvalid1" finished-at="2020-04-27T19:37:07Z" duration-ms="407" status="PASS">
          <reporter-output>
          </reporter-output>
        </test-method> <!-- getSingleRecordWithInvalid1 -->
        <test-method is-config="true" signature="authenticate()[pri:0, instance:com.rupeek.tests.GetSingleRecord@3e3047e6]" started-at="2020-04-27T19:37:07Z" name="authenticate" finished-at="2020-04-27T19:37:07Z" duration-ms="312" status="PASS">
          <reporter-output>
          </reporter-output>
        </test-method> <!-- authenticate -->
        <test-method signature="getSingleRecordWithInvalid2()[pri:1, instance:com.rupeek.tests.GetSingleRecord@3e3047e6]" started-at="2020-04-27T19:37:07Z" name="getSingleRecordWithInvalid2" finished-at="2020-04-27T19:37:08Z" duration-ms="254" status="PASS">
          <reporter-output>
          </reporter-output>
        </test-method> <!-- getSingleRecordWithInvalid2 -->
        <test-method is-config="true" signature="authenticate()[pri:0, instance:com.rupeek.tests.GetSingleRecord@3e3047e6]" started-at="2020-04-27T19:37:08Z" name="authenticate" finished-at="2020-04-27T19:37:08Z" duration-ms="337" status="PASS">
          <reporter-output>
          </reporter-output>
        </test-method> <!-- authenticate -->
        <test-method signature="getSingleRecordWithInvalidPhone()[pri:1, instance:com.rupeek.tests.GetSingleRecord@3e3047e6]" started-at="2020-04-27T19:37:08Z" name="getSingleRecordWithInvalidPhone" finished-at="2020-04-27T19:37:08Z" duration-ms="259" status="PASS">
          <reporter-output>
          </reporter-output>
        </test-method> <!-- getSingleRecordWithInvalidPhone -->
      </class> <!-- com.rupeek.tests.GetSingleRecord -->
      <class name="com.rupeek.tests.ToAuthenticate">
        <test-method is-config="true" signature="config()[pri:0, instance:com.rupeek.tests.ToAuthenticate@13acb0d1]" started-at="2020-04-27T19:36:52Z" name="config" finished-at="2020-04-27T19:36:54Z" duration-ms="1875" status="PASS">
          <reporter-output>
          </reporter-output>
        </test-method> <!-- config -->
        <test-method is-config="true" signature="authenticate()[pri:0, instance:com.rupeek.tests.ToAuthenticate@13acb0d1]" started-at="2020-04-27T19:36:54Z" name="authenticate" finished-at="2020-04-27T19:36:58Z" duration-ms="4137" status="PASS">
          <reporter-output>
          </reporter-output>
        </test-method> <!-- authenticate -->
        <test-method signature="validJSONBody()[pri:0, instance:com.rupeek.tests.ToAuthenticate@13acb0d1]" started-at="2020-04-27T19:36:58Z" name="validJSONBody" finished-at="2020-04-27T19:36:58Z" duration-ms="366" status="PASS">
          <reporter-output>
          </reporter-output>
        </test-method> <!-- validJSONBody -->
        <test-method is-config="true" signature="authenticate()[pri:0, instance:com.rupeek.tests.ToAuthenticate@13acb0d1]" started-at="2020-04-27T19:36:59Z" name="authenticate" finished-at="2020-04-27T19:36:59Z" duration-ms="360" status="PASS">
          <reporter-output>
          </reporter-output>
        </test-method> <!-- authenticate -->
        <test-method signature="invalidJSONBody1()[pri:1, instance:com.rupeek.tests.ToAuthenticate@13acb0d1]" started-at="2020-04-27T19:36:59Z" name="invalidJSONBody1" finished-at="2020-04-27T19:36:59Z" duration-ms="346" status="PASS">
          <reporter-output>
          </reporter-output>
        </test-method> <!-- invalidJSONBody1 -->
        <test-method is-config="true" signature="authenticate()[pri:0, instance:com.rupeek.tests.ToAuthenticate@13acb0d1]" started-at="2020-04-27T19:36:59Z" name="authenticate" finished-at="2020-04-27T19:36:59Z" duration-ms="286" status="PASS">
          <reporter-output>
          </reporter-output>
        </test-method> <!-- authenticate -->
        <test-method signature="invalidJSONBody2()[pri:2, instance:com.rupeek.tests.ToAuthenticate@13acb0d1]" started-at="2020-04-27T19:36:59Z" name="invalidJSONBody2" finished-at="2020-04-27T19:37:00Z" duration-ms="254" status="PASS">
          <reporter-output>
          </reporter-output>
        </test-method> <!-- invalidJSONBody2 -->
        <test-method is-config="true" signature="authenticate()[pri:0, instance:com.rupeek.tests.ToAuthenticate@13acb0d1]" started-at="2020-04-27T19:37:00Z" name="authenticate" finished-at="2020-04-27T19:37:00Z" duration-ms="295" status="PASS">
          <reporter-output>
          </reporter-output>
        </test-method> <!-- authenticate -->
        <test-method signature="invalidJSONBody3()[pri:3, instance:com.rupeek.tests.ToAuthenticate@13acb0d1]" started-at="2020-04-27T19:37:00Z" name="invalidJSONBody3" finished-at="2020-04-27T19:37:00Z" duration-ms="340" status="PASS">
          <reporter-output>
          </reporter-output>
        </test-method> <!-- invalidJSONBody3 -->
        <test-method is-config="true" signature="authenticate()[pri:0, instance:com.rupeek.tests.ToAuthenticate@13acb0d1]" started-at="2020-04-27T19:37:00Z" name="authenticate" finished-at="2020-04-27T19:37:01Z" duration-ms="274" status="PASS">
          <reporter-output>
          </reporter-output>
        </test-method> <!-- authenticate -->
        <test-method signature="invalidJSONBody4()[pri:4, instance:com.rupeek.tests.ToAuthenticate@13acb0d1]" started-at="2020-04-27T19:37:01Z" name="invalidJSONBody4" finished-at="2020-04-27T19:37:02Z" duration-ms="1100" status="PASS">
          <reporter-output>
          </reporter-output>
        </test-method> <!-- invalidJSONBody4 -->
        <test-method is-config="true" signature="authenticate()[pri:0, instance:com.rupeek.tests.ToAuthenticate@13acb0d1]" started-at="2020-04-27T19:37:02Z" name="authenticate" finished-at="2020-04-27T19:37:02Z" duration-ms="308" status="PASS">
          <reporter-output>
          </reporter-output>
        </test-method> <!-- authenticate -->
        <test-method signature="invalidJSONBody5()[pri:5, instance:com.rupeek.tests.ToAuthenticate@13acb0d1]" started-at="2020-04-27T19:37:02Z" name="invalidJSONBody5" finished-at="2020-04-27T19:37:02Z" duration-ms="269" status="PASS">
          <reporter-output>
          </reporter-output>
        </test-method> <!-- invalidJSONBody5 -->
        <test-method is-config="true" signature="authenticate()[pri:0, instance:com.rupeek.tests.ToAuthenticate@13acb0d1]" started-at="2020-04-27T19:37:02Z" name="authenticate" finished-at="2020-04-27T19:37:03Z" duration-ms="268" status="PASS">
          <reporter-output>
          </reporter-output>
        </test-method> <!-- authenticate -->
        <test-method signature="invalidJSONBody6()[pri:6, instance:com.rupeek.tests.ToAuthenticate@13acb0d1]" started-at="2020-04-27T19:37:03Z" name="invalidJSONBody6" finished-at="2020-04-27T19:37:03Z" duration-ms="274" status="PASS">
          <reporter-output>
          </reporter-output>
        </test-method> <!-- invalidJSONBody6 -->
      </class> <!-- com.rupeek.tests.ToAuthenticate -->
    </test> <!-- Test -->
  </suite> <!-- Suite -->
</testng-results>
